[debug] [2023-03-14T16:15:13.166Z] ----------------------------------------------------------------------
[debug] [2023-03-14T16:15:13.168Z] Command:       C:\Program Files\nodejs\node.exe C:\Users\Usuario\AppData\Roaming\npm\node_modules\firebase-tools\lib\bin\firebase.js init
[debug] [2023-03-14T16:15:13.168Z] CLI Version:   11.24.1
[debug] [2023-03-14T16:15:13.169Z] Platform:      win32
[debug] [2023-03-14T16:15:13.169Z] Node Version:  v18.15.0
[debug] [2023-03-14T16:15:13.169Z] Time:          Tue Mar 14 2023 17:15:13 GMT+0100 (hora estándar de Europa central)
[debug] [2023-03-14T16:15:13.170Z] ----------------------------------------------------------------------
[debug] 
[debug] [2023-03-14T16:15:13.176Z] > command requires scopes: ["email","openid","https://www.googleapis.com/auth/cloudplatformprojects.readonly","https://www.googleapis.com/auth/firebase","https://www.googleapis.com/auth/cloud-platform"]
[debug] [2023-03-14T16:15:13.176Z] > authorizing via signed-in user (j.francomedinilla@gmail.com)
[info] 
     ######## #### ########  ######## ########     ###     ######  ########
     ##        ##  ##     ## ##       ##     ##  ##   ##  ##       ##
     ######    ##  ########  ######   ########  #########  ######  ######
     ##        ##  ##    ##  ##       ##     ## ##     ##       ## ##
     ##       #### ##     ## ######## ########  ##     ##  ######  ########

You're about to initialize a Firebase project in this directory:

  C:\Users\Usuario\solidjs\nombre-app

[info] 
=== Project Setup
[info] 
[info] First, let's associate this project directory with a Firebase project.
[info] You can create multiple project aliases by running firebase use --add, 
[info] but for now we'll just set up a default project.
[info] 
[debug] [2023-03-14T16:15:24.567Z] >>> [apiv2][query] GET https://firebase.googleapis.com/v1beta1/projects pageSize=100
[debug] [2023-03-14T16:15:25.093Z] <<< [apiv2][status] GET https://firebase.googleapis.com/v1beta1/projects 200
[debug] [2023-03-14T16:15:25.093Z] <<< [apiv2][body] GET https://firebase.googleapis.com/v1beta1/projects [omitted]
[info] i  Using project letrasdecadiz-45d5b (letrasdecadiz) 
[info] 
=== Firestore Setup
[debug] [2023-03-14T16:15:25.497Z] >>> [apiv2][query] GET https://serviceusage.googleapis.com/v1/projects/letrasdecadiz-45d5b/services/firestore.googleapis.com [none]
[debug] [2023-03-14T16:15:25.497Z] >>> [apiv2][(partial)header] GET https://serviceusage.googleapis.com/v1/projects/letrasdecadiz-45d5b/services/firestore.googleapis.com x-goog-quota-user=projects/letrasdecadiz-45d5b
[debug] [2023-03-14T16:15:26.301Z] <<< [apiv2][status] GET https://serviceusage.googleapis.com/v1/projects/letrasdecadiz-45d5b/services/firestore.googleapis.com 200
[debug] [2023-03-14T16:15:26.301Z] <<< [apiv2][body] GET https://serviceusage.googleapis.com/v1/projects/letrasdecadiz-45d5b/services/firestore.googleapis.com [omitted]
[debug] [2023-03-14T16:15:26.302Z] >>> [apiv2][query] GET https://firestore.googleapis.com/v1/projects/letrasdecadiz-45d5b/databases/(default) [none]
[debug] [2023-03-14T16:15:27.041Z] <<< [apiv2][status] GET https://firestore.googleapis.com/v1/projects/letrasdecadiz-45d5b/databases/(default) 200
[debug] [2023-03-14T16:15:27.041Z] <<< [apiv2][body] GET https://firestore.googleapis.com/v1/projects/letrasdecadiz-45d5b/databases/(default) {"name":"projects/letrasdecadiz-45d5b/databases/(default)","uid":"72f9f755-3c26-4599-a344-71be711d39b4","createTime":"2023-03-14T16:06:05.519041Z","updateTime":"2023-03-14T16:06:05.519041Z","locationId":"nam5","type":"FIRESTORE_NATIVE","concurrencyMode":"PESSIMISTIC","appEngineIntegrationMode":"DISABLED","keyPrefix":"s","deleteProtectionState":"DELETE_PROTECTION_DISABLED","etag":"IM335c3n2/0CMNDB0Jfn2/0C"}
[debug] [2023-03-14T16:15:27.041Z] database_type: FIRESTORE_NATIVE
[debug] [2023-03-14T16:15:27.041Z] > command requires scopes: ["email","openid","https://www.googleapis.com/auth/cloudplatformprojects.readonly","https://www.googleapis.com/auth/firebase","https://www.googleapis.com/auth/cloud-platform"]
[debug] [2023-03-14T16:15:27.041Z] > authorizing via signed-in user (j.francomedinilla@gmail.com)
[debug] [2023-03-14T16:15:27.041Z] [iam] checking project letrasdecadiz-45d5b for permissions ["firebase.projects.get"]
[debug] [2023-03-14T16:15:27.042Z] >>> [apiv2][query] POST https://cloudresourcemanager.googleapis.com/v1/projects/letrasdecadiz-45d5b:testIamPermissions [none]
[debug] [2023-03-14T16:15:27.042Z] >>> [apiv2][(partial)header] POST https://cloudresourcemanager.googleapis.com/v1/projects/letrasdecadiz-45d5b:testIamPermissions x-goog-quota-user=projects/letrasdecadiz-45d5b
[debug] [2023-03-14T16:15:27.042Z] >>> [apiv2][body] POST https://cloudresourcemanager.googleapis.com/v1/projects/letrasdecadiz-45d5b:testIamPermissions {"permissions":["firebase.projects.get"]}
[debug] [2023-03-14T16:15:27.669Z] <<< [apiv2][status] POST https://cloudresourcemanager.googleapis.com/v1/projects/letrasdecadiz-45d5b:testIamPermissions 200
[debug] [2023-03-14T16:15:27.669Z] <<< [apiv2][body] POST https://cloudresourcemanager.googleapis.com/v1/projects/letrasdecadiz-45d5b:testIamPermissions {"permissions":["firebase.projects.get"]}
[info] 
[info] Firestore Security Rules allow you to define how and when to allow
[info] requests. You can keep these rules in your project directory
[info] and publish them with firebase deploy.
[info] 
[debug] [2023-03-14T16:15:34.310Z] >>> [apiv2][query] GET https://firebaserules.googleapis.com/v1/projects/letrasdecadiz-45d5b/releases pageSize=10&pageToken=
[debug] [2023-03-14T16:15:35.015Z] <<< [apiv2][status] GET https://firebaserules.googleapis.com/v1/projects/letrasdecadiz-45d5b/releases 200
[debug] [2023-03-14T16:15:35.016Z] <<< [apiv2][body] GET https://firebaserules.googleapis.com/v1/projects/letrasdecadiz-45d5b/releases {"releases":[{"name":"projects/letrasdecadiz-45d5b/releases/cloud.firestore","rulesetName":"projects/letrasdecadiz-45d5b/rulesets/5b5477e7-2629-4e3f-ba1c-c1c081958591","createTime":"2023-03-14T16:06:07.983885Z","updateTime":"2023-03-14T16:06:07.983885Z"}]}
[debug] [2023-03-14T16:15:35.016Z] Found ruleset: projects/letrasdecadiz-45d5b/rulesets/5b5477e7-2629-4e3f-ba1c-c1c081958591
[debug] [2023-03-14T16:15:35.016Z] >>> [apiv2][query] GET https://firebaserules.googleapis.com/v1/projects/letrasdecadiz-45d5b/rulesets/5b5477e7-2629-4e3f-ba1c-c1c081958591 [none]
[debug] [2023-03-14T16:15:35.743Z] <<< [apiv2][status] GET https://firebaserules.googleapis.com/v1/projects/letrasdecadiz-45d5b/rulesets/5b5477e7-2629-4e3f-ba1c-c1c081958591 200
[debug] [2023-03-14T16:15:35.743Z] <<< [apiv2][body] GET https://firebaserules.googleapis.com/v1/projects/letrasdecadiz-45d5b/rulesets/5b5477e7-2629-4e3f-ba1c-c1c081958591 [omitted]
[info] 
[info] Firestore indexes allow you to perform complex queries while
[info] maintaining performance that scales with the size of the result
[info] set. You can keep index definitions in your project directory
[info] and publish them with firebase deploy.
[info] 
[debug] [2023-03-14T16:15:39.814Z] >>> [apiv2][query] GET https://firestore.googleapis.com/v1/projects/letrasdecadiz-45d5b/databases/(default)/collectionGroups/-/indexes [none]
[debug] [2023-03-14T16:15:39.815Z] >>> [apiv2][query] GET https://firestore.googleapis.com/v1/projects/letrasdecadiz-45d5b/databases/(default)/collectionGroups/-/fields?filter=indexConfig.usesAncestorConfig=false OR ttlConfig:* [none]
[debug] [2023-03-14T16:15:40.565Z] <<< [apiv2][status] GET https://firestore.googleapis.com/v1/projects/letrasdecadiz-45d5b/databases/(default)/collectionGroups/-/indexes 200
[debug] [2023-03-14T16:15:40.565Z] <<< [apiv2][body] GET https://firestore.googleapis.com/v1/projects/letrasdecadiz-45d5b/databases/(default)/collectionGroups/-/indexes {}
[debug] [2023-03-14T16:15:40.585Z] <<< [apiv2][status] GET https://firestore.googleapis.com/v1/projects/letrasdecadiz-45d5b/databases/(default)/collectionGroups/-/fields?filter=indexConfig.usesAncestorConfig=false OR ttlConfig:* 200
[debug] [2023-03-14T16:15:40.585Z] <<< [apiv2][body] GET https://firestore.googleapis.com/v1/projects/letrasdecadiz-45d5b/databases/(default)/collectionGroups/-/fields?filter=indexConfig.usesAncestorConfig=false OR ttlConfig:* {"fields":[{"name":"projects/letrasdecadiz-45d5b/databases/(default)/collectionGroups/__default__/fields/*","indexConfig":{"indexes":[{"queryScope":"COLLECTION","fields":[{"fieldPath":"*","order":"ASCENDING"}],"state":"READY"},{"queryScope":"COLLECTION","fields":[{"fieldPath":"*","order":"DESCENDING"}],"state":"READY"},{"queryScope":"COLLECTION","fields":[{"fieldPath":"*","arrayConfig":"CONTAINS"}],"state":"READY"}]}}]}
[info] 
=== Functions Setup
[debug] [2023-03-14T16:15:40.587Z] > command requires scopes: ["email","openid","https://www.googleapis.com/auth/cloudplatformprojects.readonly","https://www.googleapis.com/auth/firebase","https://www.googleapis.com/auth/cloud-platform"]
[debug] [2023-03-14T16:15:40.587Z] > authorizing via signed-in user (j.francomedinilla@gmail.com)
[debug] [2023-03-14T16:15:40.587Z] [iam] checking project letrasdecadiz-45d5b for permissions ["firebase.projects.get"]
[debug] [2023-03-14T16:15:40.587Z] >>> [apiv2][query] POST https://cloudresourcemanager.googleapis.com/v1/projects/letrasdecadiz-45d5b:testIamPermissions [none]
[debug] [2023-03-14T16:15:40.587Z] >>> [apiv2][(partial)header] POST https://cloudresourcemanager.googleapis.com/v1/projects/letrasdecadiz-45d5b:testIamPermissions x-goog-quota-user=projects/letrasdecadiz-45d5b
[debug] [2023-03-14T16:15:40.587Z] >>> [apiv2][body] POST https://cloudresourcemanager.googleapis.com/v1/projects/letrasdecadiz-45d5b:testIamPermissions {"permissions":["firebase.projects.get"]}
[debug] [2023-03-14T16:15:41.239Z] <<< [apiv2][status] POST https://cloudresourcemanager.googleapis.com/v1/projects/letrasdecadiz-45d5b:testIamPermissions 200
[debug] [2023-03-14T16:15:41.239Z] <<< [apiv2][body] POST https://cloudresourcemanager.googleapis.com/v1/projects/letrasdecadiz-45d5b:testIamPermissions {"permissions":["firebase.projects.get"]}
[debug] [2023-03-14T16:15:41.240Z] >>> [apiv2][query] GET https://serviceusage.googleapis.com/v1/projects/letrasdecadiz-45d5b/services/cloudfunctions.googleapis.com [none]
[debug] [2023-03-14T16:15:41.240Z] >>> [apiv2][(partial)header] GET https://serviceusage.googleapis.com/v1/projects/letrasdecadiz-45d5b/services/cloudfunctions.googleapis.com x-goog-quota-user=projects/letrasdecadiz-45d5b
[debug] [2023-03-14T16:15:41.241Z] >>> [apiv2][query] GET https://serviceusage.googleapis.com/v1/projects/letrasdecadiz-45d5b/services/runtimeconfig.googleapis.com [none]
[debug] [2023-03-14T16:15:41.241Z] >>> [apiv2][(partial)header] GET https://serviceusage.googleapis.com/v1/projects/letrasdecadiz-45d5b/services/runtimeconfig.googleapis.com x-goog-quota-user=projects/letrasdecadiz-45d5b
[debug] [2023-03-14T16:15:42.067Z] <<< [apiv2][status] GET https://serviceusage.googleapis.com/v1/projects/letrasdecadiz-45d5b/services/runtimeconfig.googleapis.com 200
[debug] [2023-03-14T16:15:42.067Z] <<< [apiv2][body] GET https://serviceusage.googleapis.com/v1/projects/letrasdecadiz-45d5b/services/runtimeconfig.googleapis.com [omitted]
[debug] [2023-03-14T16:15:42.069Z] <<< [apiv2][status] GET https://serviceusage.googleapis.com/v1/projects/letrasdecadiz-45d5b/services/cloudfunctions.googleapis.com 200
[debug] [2023-03-14T16:15:42.069Z] <<< [apiv2][body] GET https://serviceusage.googleapis.com/v1/projects/letrasdecadiz-45d5b/services/cloudfunctions.googleapis.com [omitted]
[info] 
Detected existing codebase(s): default

[info] 
Overwriting codebase default...

[info] +  Wrote functions/package.json 
[info] +  Wrote functions/index.js 
[info] +  Wrote functions/.gitignore 
[info] 
=== Hosting Setup
[info] 
[info] Your public directory is the folder (relative to your project directory) that
[info] will contain Hosting assets to be uploaded with firebase deploy. If you
[info] have a build process for your assets, use your build's output directory.
[info] 
[info] +  Wrote public/404.html 
[debug] [2023-03-14T16:17:44.748Z] >>> [apiv2][query] GET https://www.gstatic.com/firebasejs/releases.json [none]
[debug] [2023-03-14T16:17:44.818Z] <<< [apiv2][status] GET https://www.gstatic.com/firebasejs/releases.json 200
[debug] [2023-03-14T16:17:44.818Z] <<< [apiv2][body] GET https://www.gstatic.com/firebasejs/releases.json {"current":{"version":"9.17.2","browserURL":"https://www.gstatic.com/firebasejs/9.17.2/firebase.js","packageURL":"https://www.gstatic.com/firebasejs/9.17.2/firebase.tgz"},"live":{"version":"9.17","browserURL":"https://www.gstatic.com/firebasejs/live/9.17/firebase.js","packageURL":"https://www.gstatic.com/firebasejs/live/9.17/firebase.tgz"},"components":{"analytics":"https://www.gstatic.com/firebasejs/9.17.2/firebase-analytics.js","app":"https://www.gstatic.com/firebasejs/9.17.2/firebase-app.js","app-check":"https://www.gstatic.com/firebasejs/9.17.2/firebase-app-check.js","auth":"https://www.gstatic.com/firebasejs/9.17.2/firebase-auth.js","auth/cordova":"https://www.gstatic.com/firebasejs/9.17.2/firebase-auth/cordova.js","auth/react-native":"https://www.gstatic.com/firebasejs/9.17.2/firebase-auth/react-native.js","functions":"https://www.gstatic.com/firebasejs/9.17.2/firebase-functions.js","firestore":"https://www.gstatic.com/firebasejs/9.17.2/firebase-firestore.js","firestore/lite":"https://www.gstatic.com/firebasejs/9.17.2/firebase-firestore/lite.js","installations":"https://www.gstatic.com/firebasejs/9.17.2/firebase-installations.js","storage":"https://www.gstatic.com/firebasejs/9.17.2/firebase-storage.js","performance":"https://www.gstatic.com/firebasejs/9.17.2/firebase-performance.js","remote-config":"https://www.gstatic.com/firebasejs/9.17.2/firebase-remote-config.js","messaging":"https://www.gstatic.com/firebasejs/9.17.2/firebase-messaging.js","messaging/sw":"https://www.gstatic.com/firebasejs/9.17.2/firebase-messaging/sw.js","database":"https://www.gstatic.com/firebasejs/9.17.2/firebase-database.js","firestore.memory":"https://www.gstatic.com/firebasejs/9.17.2/firebase-firestore.memory.js"}}
[info] +  Wrote public/index.html 
[info] 
[info] i  Didn't detect a .git folder. Assuming C:\Users\Usuario\solidjs\nombre-app is the project root. 
[info] i  Authorizing with GitHub to upload your service account to a GitHub repository's secrets store. 
[info] 
[info] Visit this URL on this device to log in:
[info] https://github.com/login/oauth/authorize?client_id=89cf50f02ac6aaed3484&state=943023625&redirect_uri=http%3A%2F%2Flocalhost%3A9005&scope=read%3Auser%20repo%20public_repo
[info] 
[info] Waiting for authentication...
[debug] [2023-03-14T16:18:00.174Z] >>> [apiv2][query] POST https://github.com/login/oauth/access_token [none]
[debug] [2023-03-14T16:18:00.174Z] >>> [apiv2][body] POST https://github.com/login/oauth/access_token [stream]
[debug] [2023-03-14T16:18:00.952Z] <<< [apiv2][status] POST https://github.com/login/oauth/access_token 200
[debug] [2023-03-14T16:18:00.952Z] <<< [apiv2][body] POST https://github.com/login/oauth/access_token {"access_token":"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","token_type":"bearer","scope":"read:user,repo"}
[debug] [2023-03-14T16:18:00.958Z] >>> [apiv2][query] GET https://api.github.com/user [none]
[debug] [2023-03-14T16:18:01.360Z] <<< [apiv2][status] GET https://api.github.com/user 200
[debug] [2023-03-14T16:18:01.360Z] <<< [apiv2][body] GET https://api.github.com/user {"login":"claimis","id":28775842,"node_id":"MDQ6VXNlcjI4Nzc1ODQy","avatar_url":"https://avatars.githubusercontent.com/u/28775842?v=4","gravatar_id":"","url":"https://api.github.com/users/claimis","html_url":"https://github.com/claimis","followers_url":"https://api.github.com/users/claimis/followers","following_url":"https://api.github.com/users/claimis/following{/other_user}","gists_url":"https://api.github.com/users/claimis/gists{/gist_id}","starred_url":"https://api.github.com/users/claimis/starred{/owner}{/repo}","subscriptions_url":"https://api.github.com/users/claimis/subscriptions","organizations_url":"https://api.github.com/users/claimis/orgs","repos_url":"https://api.github.com/users/claimis/repos","events_url":"https://api.github.com/users/claimis/events{/privacy}","received_events_url":"https://api.github.com/users/claimis/received_events","type":"User","site_admin":false,"name":null,"company":null,"blog":"","location":null,"email":null,"hireable":null,"bio":"poetry. the only way to understand the world","twitter_username":null,"public_repos":8,"public_gists":0,"followers":0,"following":0,"created_at":"2017-05-18T07:22:46Z","updated_at":"2023-03-09T16:11:00Z","private_gists":0,"total_private_repos":0,"owned_private_repos":0,"disk_usage":56171,"collaborators":0,"two_factor_authentication":false,"plan":{"name":"free","space":976562499,"collaborators":0,"private_repos":10000}}
[info] 
[info] +  Success! Logged into GitHub as claimis 
[info] 
